<?xml version="1.0" encoding="UTF-8"?>
<!-- Generated by org.testng.reporters.JUnitReportReporter -->
<testsuite name="seleniumrc.BasicOperator" tests="3" time="0.065" ignored="0" failures="0" timestamp="13 Nov 2019 13:49:15 GMT" skipped="0" hostname="omm-PC" errors="0">
  <testcase name="third" time="0.005" classname="seleniumrc.BasicOperator"/>
  <testcase name="second" time="0.016" classname="seleniumrc.BasicOperator"/>
  <testcase name="first" time="0.044" classname="seleniumrc.BasicOperator"/>
</testsuite> <!-- seleniumrc.BasicOperator -->
