<?xml version="1.0" encoding="UTF-8"?>
<!-- Generated by org.testng.reporters.JUnitReportReporter -->
<testsuite name="hello.hello_suit2" tests="2" time="0.049" ignored="0" failures="0" timestamp="14 Nov 2019 11:39:49 GMT" skipped="0" hostname="omm-PC" errors="0">
  <testcase name="E" time="0.049" classname="hello.hello_suit2"/>
  <testcase name="D" time="0.000" classname="hello.hello_suit2"/>
</testsuite> <!-- hello.hello_suit2 -->
