<?xml version="1.0" encoding="UTF-8"?>
<!-- Generated by org.testng.reporters.JUnitReportReporter -->
<testsuite name="seleniumrc.ab_est1" tests="3" time="0.109" ignored="0" failures="0" timestamp="13 Nov 2019 11:45:55 GMT" skipped="0" hostname="omm-PC" errors="0">
  <testcase name="add" time="0.093" classname="seleniumrc.ab_est1"/>
  <testcase name="add2" time="0.016" classname="seleniumrc.ab_est1"/>
  <testcase name="add1" time="0.000" classname="seleniumrc.ab_est1"/>
</testsuite> <!-- seleniumrc.ab_est1 -->
